#
# A fatal error has been detected by the Java Runtime Environment:
#
#  EXCEPTION_ACCESS_VIOLATION (0xc0000005) at pc=0x0000014a690a44d1, pid=8860, tid=7804
#
# JRE version: OpenJDK Runtime Environment (14.0.2+12) (build 14.0.2+12-46)
# Java VM: OpenJDK 64-Bit Server VM (14.0.2+12-46, mixed mode, tiered, compressed oops, g1 gc, windows-amd64)
# Problematic frame:
# J 16576 c1 org.springframework.core.MethodIntrospector$$Lambda$994.inspect(Ljava/lang/reflect/Method;)Ljava/lang/Object; (9 bytes) @ 0x0000014a690a44d1 [0x0000014a690a4440+0x0000000000000091]
#
# No core dump will be written. Minidumps are not enabled by default on client versions of Windows
#
# If you would like to submit a bug report, please visit:
#   https://bugreport.java.com/bugreport/crash.jsp
#

---------------  S U M M A R Y ------------

Command Line: -Dfile.encoding=UTF-8 -XX:+ShowCodeDetailsInExceptionMessages com.ncs.doorsystem.RunApplication

Host: Intel(R) Core(TM) i3-2100 CPU @ 3.10GHz, 4 cores, 7G,  Windows 10 , 64 bit Build 19041 (10.0.19041.928)
Time: Tue Apr 27 14:05:52 2021 India Standard Time elapsed time: 13308 seconds (0d 3h 41m 48s)

---------------  T H R E A D  ---------------

Current thread (0x0000014a081e2000):  JavaThread "http-nio-8080-exec-8" daemon [_thread_in_Java, id=7804, stack(0x0000002a16100000,0x0000002a16200000)]

Stack: [0x0000002a16100000,0x0000002a16200000],  sp=0x0000002a161facb0,  free space=1003k
Native frames: (J=compiled Java code, j=interpreted, Vv=VM code, C=native code)
C  0x0000014a690a44d1


siginfo: EXCEPTION_ACCESS_VIOLATION (0xc0000005), reading address 0x000000002000010c


Register to memory mapping:

RIP=0x0000014a690a44d1 is at entry_point+145 in (nmethod*)0x0000014a690a4290
RAX=0x00000001009e1468 is a pointer to class: 
org.springframework.core.MethodIntrospector$MetadataLookup {0x00000001009e1470}
RBX={method} {0x0000014a0a3df7b0} 'inspect' '(Ljava/lang/reflect/Method;)Ljava/lang/Object;' in 'org/springframework/core/MethodIntrospector$$Lambda$994'
RCX=0x0000000083c3e5c8 is an oop: org.apache.tomcat.util.threads.TaskThread 
{0x0000000083c3e5c8} - klass: 'org/apache/tomcat/util/threads/TaskThread'
RDX=536871180 is a compressed pointer to class: 0x0000000100000860
RSP=0x0000002a161facb0 is pointing into the stack for thread: 0x0000014a081e2000
RBP=0x0000000088ec7de8 is an oop: java.lang.reflect.Method 
{0x0000000088ec7de8} - klass: 'java/lang/reflect/Method'
RSI=0x0000014a0a9c39b0 is pointing into metadata
RDI=0x00000000000000c8 is an unknown value
R8 =0x0000000088ec7de8 is an oop: java.lang.reflect.Method 
{0x0000000088ec7de8} - klass: 'java/lang/reflect/Method'
R9 =0x0000000088ec7518 is an oop: java.util.LinkedHashMap 
{0x0000000088ec7518} - klass: 'java/util/LinkedHashMap'
R10=0x0000000100ad5840 is a pointer to class: 
org.springframework.core.MethodIntrospector$$Lambda$994/0x0000000100ad5840 {0x0000000100ad5848}
R11=0x0000000000000228 is an unknown value
R12=0x0 is NULL
R13=0x0000000085e2c220 is an oop: java.lang.Class 
{0x0000000085e2c220} - klass: 'java/lang/Class'
R14=0x0000000088ec7de8 is an oop: java.lang.reflect.Method 
{0x0000000088ec7de8} - klass: 'java/lang/reflect/Method'
R15=0x0000014a081e2000 is a thread


Registers:
RAX=0x00000001009e1468, RBX=0x0000014a0a3df7a8, RCX=0x0000000083c3e5c8, RDX=0x000000002000010c
RSP=0x0000002a161facb0, RBP=0x0000000088ec7de8, RSI=0x0000014a0a9c39b0, RDI=0x00000000000000c8
R8 =0x0000000088ec7de8, R9 =0x0000000088ec7518, R10=0x0000000100ad5840, R11=0x0000000000000228
R12=0x0000000000000000, R13=0x0000000085e2c220, R14=0x0000000088ec7de8, R15=0x0000014a081e2000
RIP=0x0000014a690a44d1, EFLAGS=0x0000000000010202

Top of Stack: (sp=0x0000002a161facb0)
0x0000002a161facb0:   0000002a161ff3d0 0000014a081e2000
0x0000002a161facc0:   0000000088ec7600 0000014a67affda0
0x0000002a161facd0:   0000014a081e2000 00007fff87e4e75c
0x0000002a161face0:   0000014a081e2310 0000014a0514a490
0x0000002a161facf0:   0000000088ec7de8 0000014a6834011c
0x0000002a161fad00:   0000014a67affc00 0000014a081e2000
0x0000002a161fad10:   000000008243e5f8 0000000083c3e5c8
0x0000002a161fad20:   0000000088ec7508 0000000088ec7518
0x0000002a161fad30:   0000000088ec7de8 00000000849743b8
0x0000002a161fad40:   0000000085e2c220 000000000a3296bc
0x0000002a161fad50:   0000000088ec7de8 0000014a681b5d4c
0x0000002a161fad60:   0000002a161faf28 0000000085e2c220
0x0000002a161fad70:   00000000849743f8 0000000000000010
0x0000002a161fad80:   0000000000000001 0000000088ec7598
0x0000002a161fad90:   0000000088ec7de8 0000014a6fb58988
0x0000002a161fada0:   0000000000000000 0000002a161fae00 

Instructions: (pc=0x0000014a690a44d1)
0x0000014a690a43d1:   00 00 00 00 00 00 00 00 00 00 00 d2 01 00 00 06
0x0000014a690a43e1:   00 00 00 ff ff ff ff ff ff ff ff 00 00 00 00 0b
0x0000014a690a43f1:   60 21 c0 2b c0 12 c0 2e c0 0a f0 98 24 08 c0 36
0x0000014a690a4401:   c0 10 10 16 b0 04 10 16 b0 04 c0 17 64 0a c0 17
0x0000014a690a4411:   64 0a 64 35 64 18 00 01 f8 db fe 05 50 00 c0 0a
0x0000014a690a4421:   64 05 64 03 f8 2b 88 a8 59 ff 7f 05 70 0e 60 01
0x0000014a690a4431:   f8 2e ff 0e 90 0c 64 a1 fc 05 50 00 c0 0a 64 44
0x0000014a690a4441:   8b 52 08 49 c1 e2 03 4c 3b d0 0f 85 af 6b a7 fe
0x0000014a690a4451:   66 66 66 0f 1f 84 00 00 00 00 00 66 66 66 90 89
0x0000014a690a4461:   84 24 00 90 ff ff 55 48 83 ec 40 48 be e8 e1 3d
0x0000014a690a4471:   0a 4a 01 00 00 8b be 04 01 00 00 83 c7 08 89 be
0x0000014a690a4481:   04 01 00 00 81 e7 f8 1f 00 00 83 ff 00 0f 84 5d
0x0000014a690a4491:   01 00 00 8b 52 0c 48 be e8 e1 3d 0a 4a 01 00 00
0x0000014a690a44a1:   48 83 86 48 01 00 00 01 48 be b0 39 9c 0a 4a 01
0x0000014a690a44b1:   00 00 8b be 04 01 00 00 83 c7 08 89 be 04 01 00
0x0000014a690a44c1:   00 81 e7 f8 ff 7f 00 83 ff 00 0f 84 41 01 00 00
0x0000014a690a44d1:   48 3b 02 48 8b f2 48 bf b0 39 9c 0a 4a 01 00 00
0x0000014a690a44e1:   8b 76 08 48 c1 e6 03 48 3b b7 58 01 00 00 75 0d
0x0000014a690a44f1:   48 83 87 60 01 00 00 01 e9 66 00 00 00 48 3b b7
0x0000014a690a4501:   68 01 00 00 75 0d 48 83 87 70 01 00 00 01 e9 50
0x0000014a690a4511:   00 00 00 48 81 bf 58 01 00 00 00 00 00 00 75 17
0x0000014a690a4521:   48 89 b7 58 01 00 00 48 c7 87 60 01 00 00 01 00
0x0000014a690a4531:   00 00 e9 2c 00 00 00 48 81 bf 68 01 00 00 00 00
0x0000014a690a4541:   00 00 75 17 48 89 b7 68 01 00 00 48 c7 87 70 01
0x0000014a690a4551:   00 00 01 00 00 00 e9 08 00 00 00 48 83 87 48 01
0x0000014a690a4561:   00 00 01 90 48 b8 a0 48 98 00 4a 01 00 00 e8 a4
0x0000014a690a4571:   b4 b2 fe 83 f8 00 48 b8 b0 39 9c 0a 4a 01 00 00
0x0000014a690a4581:   48 be 80 01 00 00 00 00 00 00 0f 84 0a 00 00 00
0x0000014a690a4591:   48 be 90 01 00 00 00 00 00 00 48 8b 3c 30 48 8d
0x0000014a690a45a1:   7f 01 48 89 3c 30 0f 84 2a 00 00 00 48 b8 b0 39
0x0000014a690a45b1:   9c 0a 4a 01 00 00 ff 80 a0 01 00 00 48 b8 e0 4a
0x0000014a690a45c1:   10 82 00 00 00 00 48 83 c4 40 5d 4d 8b 97 10 01 


Stack slot to memory mapping:
stack at sp + 0 slots: 0x0000002a161ff3d0 is pointing into the stack for thread: 0x0000014a081e2000
stack at sp + 1 slots: 0x0000014a081e2000 is a thread
stack at sp + 2 slots: 0x0000000088ec7600 is pointing into object: java.util.LinkedHashMap$Entry 
{0x0000000088ec75e8} - klass: 'java/util/LinkedHashMap$Entry'
stack at sp + 3 slots: 0x0000014a67affda0 is at begin+416 in a stub
StubRoutines::jlong_disjoint_arraycopy [0x0000014a67affc00, 0x0000014a67affde3] (483 bytes)
stack at sp + 4 slots: 0x0000014a081e2000 is a thread
stack at sp + 5 slots: 0x00007fff87e4e75c jvm.dll
stack at sp + 6 slots: 0x0000014a081e2310 points into unknown readable memory: a0 1a 45 88 ff 7f 00 00
stack at sp + 7 slots: 0x0000014a0514a490 points into unknown readable memory: 02 00 00 00 ff 7f 00 00

--------------------------------------------------------------------------------
[Constant Pool (empty)]

--------------------------------------------------------------------------------

[MachCode]
  0x0000014a690a4440: 448b 5208 | 49c1 e203 | 4c3b d00f | 85af 6ba7 | fe66 6666 | 0f1f 8400 | 0000 0000 | 6666 6690 
  0x0000014a690a4460: 8984 2400 | 90ff ff55 | 4883 ec40 | 48be e8e1 | 3d0a 4a01 | 0000 8bbe | 0401 0000 | 83c7 0889 
  0x0000014a690a4480: be04 0100 | 0081 e7f8 | 1f00 0083 | ff00 0f84 | 5d01 0000 | 8b52 0c48 | bee8 e13d | 0a4a 0100 
  0x0000014a690a44a0: 0048 8386 | 4801 0000 | 0148 beb0 | 399c 0a4a | 0100 008b | be04 0100 | 0083 c708 | 89be 0401 
  0x0000014a690a44c0: 0000 81e7 | f8ff 7f00 | 83ff 000f | 8441 0100 | 0048 3b02 | 488b f248 | bfb0 399c | 0a4a 0100 
  0x0000014a690a44e0: 008b 7608 | 48c1 e603 | 483b b758 | 0100 0075 | 0d48 8387 | 6001 0000 | 01e9 6600 | 0000 483b 
  0x0000014a690a4500: b768 0100 | 0075 0d48 | 8387 7001 | 0000 01e9 | 5000 0000 | 4881 bf58 | 0100 0000 | 0000 0075 
  0x0000014a690a4520: 1748 89b7 | 5801 0000 | 48c7 8760 | 0100 0001 | 0000 00e9 | 2c00 0000 | 4881 bf68 | 0100 0000 
  0x0000014a690a4540: 0000 0075 | 1748 89b7 | 6801 0000 | 48c7 8770 | 0100 0001 | 0000 00e9 | 0800 0000 | 4883 8748 
  0x0000014a690a4560: 0100 0001 | 9048 b8a0 | 4898 004a | 0100 00e8 | a4b4 b2fe | 83f8 0048 | b8b0 399c | 0a4a 0100 
  0x0000014a690a4580: 0048 be80 | 0100 0000 | 0000 000f | 840a 0000 | 0048 be90 | 0100 0000 | 0000 0048 | 8b3c 3048 
  0x0000014a690a45a0: 8d7f 0148 | 893c 300f | 842a 0000 | 0048 b8b0 | 399c 0a4a | 0100 00ff | 80a0 0100 | 0048 b8e0 
  0x0000014a690a45c0: 4a10 8200 | 0000 0048 | 83c4 405d | 4d8b 9710 | 0100 0041 | 8502 c348 | b800 0000 | 0000 0000 
  0x0000014a690a45e0: 0048 83c4 | 405d 4d8b | 9710 0100 | 0041 8502 | c349 baa8 | f73d 0a4a | 0100 004c | 8954 2408 
  0x0000014a690a4600: 48c7 0424 | ffff ffff | e8f3 35b2 | fee9 82fe | ffff 49ba | 4000 ba07 | 4a01 0000 | 4c89 5424 
  0x0000014a690a4620: 0848 c704 | 24ff ffff | ffe8 d235 | b2fe e99e | feff ffe8 | e8e4 b1fe | 9090 498b | 87e8 0300 
  0x0000014a690a4640: 0049 ba00 | 0000 0000 | 0000 004d | 8997 e803 | 0000 49ba | 0000 0000 | 0000 0000 | 4d89 97f0 
  0x0000014a690a4660: 0300 0048 | 83c4 405d | e993 d2b1 | fef4 f4f4 | f4f4 f4f4 | f4f4 f4f4 | f4f4 f4f4 | f4f4 f4f4 
  0x0000014a690a4680: 0f1f 4400 | 0048 bb00 | 0000 0000 | 0000 00e9 | fbff ffff | e867 02b2 | fe48 b9a8 | 592b 88ff 
  0x0000014a690a46a0: 7f00 0048 | 83e4 f049 | ba80 64fc | 87ff 7f00 | 0041 ffd2 | f449 bab5 | 460a 694a | 0100 0041 
  0x0000014a690a46c0: 52e9 da4c | a7fe f4f4 
[/MachCode]
--------------------------------------------------------------------------------


---------------  P R O C E S S  ---------------

Threads class SMR info:
_java_thread_list=0x0000014a04d2b2e0, length=31, elements={
0x0000014a7eab7800, 0x0000014a7eac1000, 0x0000014a7e291800, 0x0000014a7e292800,
0x0000014a7e295800, 0x0000014a7eae1800, 0x0000014a7eae2000, 0x0000014a7eaf7000,
0x0000014a7eaf5000, 0x0000014a7eaf8000, 0x0000014a7eaf3000, 0x0000014a7eaf2800,
0x0000014a7eaf5800, 0x0000014a03860800, 0x0000014a0385d800, 0x0000014a0385f000,
0x0000014a03868000, 0x0000014a03869000, 0x0000014a03865000, 0x0000014a03866800,
0x0000014a03863000, 0x0000014a03864000, 0x0000014a03869800, 0x0000014a081e7800,
0x0000014a081e2000, 0x0000014a081e5000, 0x0000014a081e6000, 0x0000014a081e7000,
0x0000014a081e4800, 0x0000014a081e3000, 0x0000014a081ee000
}

Java Threads: ( => current thread )
  0x0000014a7eab7800 JavaThread "Reference Handler" daemon [_thread_blocked, id=8964, stack(0x0000002a13800000,0x0000002a13900000)]
  0x0000014a7eac1000 JavaThread "Finalizer" daemon [_thread_blocked, id=11840, stack(0x0000002a13900000,0x0000002a13a00000)]
  0x0000014a7e291800 JavaThread "Signal Dispatcher" daemon [_thread_blocked, id=10980, stack(0x0000002a13a00000,0x0000002a13b00000)]
  0x0000014a7e292800 JavaThread "Attach Listener" daemon [_thread_blocked, id=7516, stack(0x0000002a13b00000,0x0000002a13c00000)]
  0x0000014a7e295800 JavaThread "Service Thread" daemon [_thread_blocked, id=7076, stack(0x0000002a13c00000,0x0000002a13d00000)]
  0x0000014a7eae1800 JavaThread "C2 CompilerThread0" daemon [_thread_blocked, id=796, stack(0x0000002a13d00000,0x0000002a13e00000)]
  0x0000014a7eae2000 JavaThread "C1 CompilerThread0" daemon [_thread_blocked, id=8212, stack(0x0000002a13e00000,0x0000002a13f00000)]
  0x0000014a7eaf7000 JavaThread "Sweeper thread" daemon [_thread_blocked, id=10100, stack(0x0000002a13f00000,0x0000002a14000000)]
  0x0000014a7eaf5000 JavaThread "Notification Thread" daemon [_thread_blocked, id=4604, stack(0x0000002a14000000,0x0000002a14100000)]
  0x0000014a7eaf8000 JavaThread "Common-Cleaner" daemon [_thread_blocked, id=4688, stack(0x0000002a14200000,0x0000002a14300000)]
  0x0000014a7eaf3000 JavaThread "mysql-cj-abandoned-connection-cleanup" daemon [_thread_blocked, id=8736, stack(0x0000002a14800000,0x0000002a14900000)]
  0x0000014a7eaf2800 JavaThread "HikariPool-1 housekeeper" daemon [_thread_blocked, id=9916, stack(0x0000002a14b00000,0x0000002a14c00000)]
  0x0000014a7eaf5800 JavaThread "Catalina-utility-1" [_thread_blocked, id=11016, stack(0x0000002a14d00000,0x0000002a14e00000)]
  0x0000014a03860800 JavaThread "Catalina-utility-2" [_thread_blocked, id=10524, stack(0x0000002a14e00000,0x0000002a14f00000)]
  0x0000014a0385d800 JavaThread "container-0" [_thread_blocked, id=8100, stack(0x0000002a14f00000,0x0000002a15000000)]
  0x0000014a0385f000 JavaThread "Live Reload Server" daemon [_thread_in_native, id=10320, stack(0x0000002a15200000,0x0000002a15300000)]
  0x0000014a03868000 JavaThread "http-nio-8080-BlockPoller" daemon [_thread_in_native, id=6924, stack(0x0000002a15000000,0x0000002a15100000)]
  0x0000014a03869000 JavaThread "http-nio-8080-exec-1" daemon [_thread_blocked, id=11464, stack(0x0000002a15a00000,0x0000002a15b00000)]
  0x0000014a03865000 JavaThread "http-nio-8080-exec-2" daemon [_thread_blocked, id=10668, stack(0x0000002a15b00000,0x0000002a15c00000)]
  0x0000014a03866800 JavaThread "http-nio-8080-exec-3" daemon [_thread_blocked, id=8900, stack(0x0000002a15c00000,0x0000002a15d00000)]
  0x0000014a03863000 JavaThread "http-nio-8080-exec-4" daemon [_thread_blocked, id=5164, stack(0x0000002a15d00000,0x0000002a15e00000)]
  0x0000014a03864000 JavaThread "http-nio-8080-exec-5" daemon [_thread_blocked, id=5324, stack(0x0000002a15e00000,0x0000002a15f00000)]
  0x0000014a03869800 JavaThread "http-nio-8080-exec-6" daemon [_thread_blocked, id=3568, stack(0x0000002a15f00000,0x0000002a16000000)]
  0x0000014a081e7800 JavaThread "http-nio-8080-exec-7" daemon [_thread_blocked, id=10908, stack(0x0000002a16000000,0x0000002a16100000)]
=>0x0000014a081e2000 JavaThread "http-nio-8080-exec-8" daemon [_thread_in_Java, id=7804, stack(0x0000002a16100000,0x0000002a16200000)]
  0x0000014a081e5000 JavaThread "http-nio-8080-exec-9" daemon [_thread_blocked, id=9176, stack(0x0000002a16200000,0x0000002a16300000)]
  0x0000014a081e6000 JavaThread "http-nio-8080-exec-10" daemon [_thread_blocked, id=8228, stack(0x0000002a16300000,0x0000002a16400000)]
  0x0000014a081e7000 JavaThread "http-nio-8080-ClientPoller" daemon [_thread_in_native, id=1644, stack(0x0000002a16400000,0x0000002a16500000)]
  0x0000014a081e4800 JavaThread "http-nio-8080-Acceptor" daemon [_thread_in_native, id=11236, stack(0x0000002a16500000,0x0000002a16600000)]
  0x0000014a081e3000 JavaThread "DestroyJavaVM" [_thread_blocked, id=8668, stack(0x0000002a13100000,0x0000002a13200000)]
  0x0000014a081ee000 JavaThread "HikariPool-1 connection adder" daemon [_thread_blocked, id=10856, stack(0x0000002a14600000,0x0000002a14700000)]

Other Threads:
  0x0000014a7eaa3000 VMThread "VM Thread" [stack: 0x0000002a13700000,0x0000002a13800000] [id=9676]
  0x0000014a7ee7b000 WatcherThread [stack: 0x0000002a14100000,0x0000002a14200000] [id=6436]
  0x0000014a62669800 GCTaskThread "GC Thread#0" [stack: 0x0000002a13200000,0x0000002a13300000] [id=2556]
  0x0000014a7f614000 GCTaskThread "GC Thread#1" [stack: 0x0000002a14400000,0x0000002a14500000] [id=4988]
  0x0000014a7f615000 GCTaskThread "GC Thread#2" [stack: 0x0000002a14500000,0x0000002a14600000] [id=12148]
  0x0000014a00c3c000 GCTaskThread "GC Thread#3" [stack: 0x0000002a14900000,0x0000002a14a00000] [id=11472]
  0x0000014a6267d800 ConcurrentGCThread "G1 Main Marker" [stack: 0x0000002a13300000,0x0000002a13400000] [id=3496]
  0x0000014a6267e800 ConcurrentGCThread "G1 Conc#0" [stack: 0x0000002a13400000,0x0000002a13500000] [id=5124]
  0x0000014a7e0c2800 ConcurrentGCThread "G1 Refine#0" [stack: 0x0000002a13500000,0x0000002a13600000] [id=7080]
  0x0000014a004eb800 ConcurrentGCThread "G1 Refine#1" [stack: 0x0000002a12e00000,0x0000002a12f00000] [id=4852]
  0x0000014a004e5000 ConcurrentGCThread "G1 Refine#2" [stack: 0x0000002a12f00000,0x0000002a13000000] [id=8892]
  0x0000014a004e6000 ConcurrentGCThread "G1 Refine#3" [stack: 0x0000002a13000000,0x0000002a13100000] [id=4664]
  0x0000014a626e8000 ConcurrentGCThread "G1 Young RemSet Sampling" [stack: 0x0000002a13600000,0x0000002a13700000] [id=8352]

Threads with active compile tasks:

VM state:not at safepoint (normal execution)

VM Mutex/Monitor currently owned by a thread: None

Heap address: 0x0000000081c00000, size: 2020 MB, Compressed Oops mode: 32-bit
Narrow klass base: 0x0000000000000000, Narrow klass shift: 3
Compressed class space size: 1073741824 Address: 0x0000000100000000

Heap:
 garbage-first heap   total 128000K, used 72540K [0x0000000081c00000, 0x0000000100000000)
  region size 1024K, 15 young (15360K), 3 survivors (3072K)
 Metaspace       used 95642K, capacity 97739K, committed 97868K, reserved 1134592K
  class space    used 11085K, capacity 11830K, committed 11956K, reserved 1048576K
Heap Regions: E=young(eden), S=young(survivor), O=old, HS=humongous(starts), HC=humongous(continues), CS=collection set, F=free, OA=open archive, CA=closed archive, TAMS=top-at-mark-start (previous, next)
|   0|0x0000000081c00000, 0x0000000081d00000, 0x0000000081d00000|100%|HS|  |TAMS 0x0000000081d00000, 0x0000000081c00000| Complete 
|   1|0x0000000081d00000, 0x0000000081e00000, 0x0000000081e00000|100%| O|  |TAMS 0x0000000081e00000, 0x0000000081d00000| Untracked 
|   2|0x0000000081e00000, 0x0000000081f00000, 0x0000000081f00000|100%| O|  |TAMS 0x0000000081f00000, 0x0000000081e00000| Untracked 
|   3|0x0000000081f00000, 0x0000000082000000, 0x0000000082000000|100%| O|  |TAMS 0x0000000082000000, 0x0000000081f00000| Untracked 
|   4|0x0000000082000000, 0x0000000082100000, 0x0000000082100000|100%| O|  |TAMS 0x0000000082100000, 0x0000000082000000| Untracked 
|   5|0x0000000082100000, 0x0000000082200000, 0x0000000082200000|100%| O|  |TAMS 0x0000000082200000, 0x0000000082100000| Untracked 
|   6|0x0000000082200000, 0x0000000082300000, 0x0000000082300000|100%| O|  |TAMS 0x0000000082300000, 0x0000000082200000| Untracked 
|   7|0x0000000082300000, 0x0000000082400000, 0x0000000082400000|100%| O|  |TAMS 0x0000000082400000, 0x0000000082300000| Untracked 
|   8|0x0000000082400000, 0x0000000082500000, 0x0000000082500000|100%| O|  |TAMS 0x0000000082500000, 0x0000000082400000| Untracked 
|   9|0x0000000082500000, 0x0000000082600000, 0x0000000082600000|100%| O|  |TAMS 0x0000000082600000, 0x0000000082500000| Untracked 
|  10|0x0000000082600000, 0x0000000082700000, 0x0000000082700000|100%| O|  |TAMS 0x0000000082700000, 0x0000000082600000| Untracked 
|  11|0x0000000082700000, 0x0000000082800000, 0x0000000082800000|100%| O|  |TAMS 0x0000000082800000, 0x0000000082700000| Untracked 
|  12|0x0000000082800000, 0x0000000082900000, 0x0000000082900000|100%| O|  |TAMS 0x0000000082900000, 0x0000000082800000| Untracked 
|  13|0x0000000082900000, 0x0000000082a00000, 0x0000000082a00000|100%| O|  |TAMS 0x0000000082a00000, 0x0000000082900000| Untracked 
|  14|0x0000000082a00000, 0x0000000082b00000, 0x0000000082b00000|100%| O|  |TAMS 0x0000000082b00000, 0x0000000082a00000| Untracked 
|  15|0x0000000082b00000, 0x0000000082c00000, 0x0000000082c00000|100%| O|  |TAMS 0x0000000082c00000, 0x0000000082b00000| Untracked 
|  16|0x0000000082c00000, 0x0000000082d00000, 0x0000000082d00000|100%| O|  |TAMS 0x0000000082d00000, 0x0000000082c00000| Untracked 
|  17|0x0000000082d00000, 0x0000000082e00000, 0x0000000082e00000|100%| O|  |TAMS 0x0000000082e00000, 0x0000000082d00000| Untracked 
|  18|0x0000000082e00000, 0x0000000082f00000, 0x0000000082f00000|100%| O|  |TAMS 0x0000000082f00000, 0x0000000082e00000| Untracked 
|  19|0x0000000082f00000, 0x0000000083000000, 0x0000000083000000|100%| O|  |TAMS 0x0000000083000000, 0x0000000082f00000| Untracked 
|  20|0x0000000083000000, 0x0000000083100000, 0x0000000083100000|100%| O|  |TAMS 0x0000000083100000, 0x0000000083000000| Untracked 
|  21|0x0000000083100000, 0x0000000083200000, 0x0000000083200000|100%| O|  |TAMS 0x0000000083200000, 0x0000000083100000| Untracked 
|  22|0x0000000083200000, 0x0000000083300000, 0x0000000083300000|100%| O|  |TAMS 0x0000000083300000, 0x0000000083200000| Untracked 
|  23|0x0000000083300000, 0x0000000083400000, 0x0000000083400000|100%| O|  |TAMS 0x0000000083400000, 0x0000000083300000| Untracked 
|  24|0x0000000083400000, 0x0000000083500000, 0x0000000083500000|100%| O|  |TAMS 0x0000000083500000, 0x0000000083400000| Untracked 
|  25|0x0000000083500000, 0x0000000083600000, 0x0000000083600000|100%| O|  |TAMS 0x0000000083600000, 0x0000000083500000| Untracked 
|  26|0x0000000083600000, 0x0000000083700000, 0x0000000083700000|100%| O|  |TAMS 0x0000000083700000, 0x0000000083600000| Untracked 
|  27|0x0000000083700000, 0x0000000083800000, 0x0000000083800000|100%| O|  |TAMS 0x0000000083800000, 0x0000000083700000| Untracked 
|  28|0x0000000083800000, 0x0000000083900000, 0x0000000083900000|100%| O|  |TAMS 0x0000000083900000, 0x0000000083800000| Untracked 
|  29|0x0000000083900000, 0x0000000083a00000, 0x0000000083a00000|100%| O|  |TAMS 0x0000000083a00000, 0x0000000083900000| Untracked 
|  30|0x0000000083a00000, 0x0000000083b00000, 0x0000000083b00000|100%| O|  |TAMS 0x0000000083b00000, 0x0000000083a00000| Untracked 
|  31|0x0000000083b00000, 0x0000000083c00000, 0x0000000083c00000|100%| O|  |TAMS 0x0000000083c00000, 0x0000000083b00000| Untracked 
|  32|0x0000000083c00000, 0x0000000083d00000, 0x0000000083d00000|100%| O|  |TAMS 0x0000000083d00000, 0x0000000083c00000| Untracked 
|  33|0x0000000083d00000, 0x0000000083e00000, 0x0000000083e00000|100%| O|  |TAMS 0x0000000083e00000, 0x0000000083d00000| Untracked 
|  34|0x0000000083e00000, 0x0000000083f00000, 0x0000000083f00000|100%| O|  |TAMS 0x0000000083f00000, 0x0000000083e00000| Untracked 
|  35|0x0000000083f00000, 0x0000000084000000, 0x0000000084000000|100%| O|  |TAMS 0x0000000084000000, 0x0000000083f00000| Untracked 
|  36|0x0000000084000000, 0x0000000084100000, 0x0000000084100000|100%| O|  |TAMS 0x0000000084100000, 0x0000000084000000| Untracked 
|  37|0x0000000084100000, 0x0000000084200000, 0x0000000084200000|100%| O|  |TAMS 0x0000000084200000, 0x0000000084100000| Untracked 
|  38|0x0000000084200000, 0x0000000084300000, 0x0000000084300000|100%| O|  |TAMS 0x0000000084300000, 0x0000000084200000| Untracked 
|  39|0x0000000084300000, 0x0000000084400000, 0x0000000084400000|100%| O|  |TAMS 0x0000000084400000, 0x0000000084300000| Untracked 
|  40|0x0000000084400000, 0x0000000084500000, 0x0000000084500000|100%| O|  |TAMS 0x0000000084500000, 0x0000000084400000| Untracked 
|  41|0x0000000084500000, 0x0000000084600000, 0x0000000084600000|100%| O|  |TAMS 0x0000000084600000, 0x0000000084500000| Untracked 
|  42|0x0000000084600000, 0x0000000084700000, 0x0000000084700000|100%| O|  |TAMS 0x0000000084700000, 0x0000000084600000| Untracked 
|  43|0x0000000084700000, 0x0000000084800000, 0x0000000084800000|100%| O|  |TAMS 0x0000000084800000, 0x0000000084700000| Untracked 
|  44|0x0000000084800000, 0x0000000084900000, 0x0000000084900000|100%| O|  |TAMS 0x0000000084900000, 0x0000000084800000| Untracked 
|  45|0x0000000084900000, 0x00000000849e1400, 0x0000000084a00000| 87%| O|  |TAMS 0x0000000084966400, 0x0000000084900000| Untracked 
|  46|0x0000000084a00000, 0x0000000084a00000, 0x0000000084b00000|  0%| F|  |TAMS 0x0000000084a00000, 0x0000000084a00000| Untracked 
|  47|0x0000000084b00000, 0x0000000084c00000, 0x0000000084c00000|100%| O|  |TAMS 0x0000000084c00000, 0x0000000084b00000| Untracked 
|  48|0x0000000084c00000, 0x0000000084c00000, 0x0000000084d00000|  0%| F|  |TAMS 0x0000000084c00000, 0x0000000084c00000| Untracked 
|  49|0x0000000084d00000, 0x0000000084e00000, 0x0000000084e00000|100%| O|  |TAMS 0x0000000084e00000, 0x0000000084d00000| Untracked 
|  50|0x0000000084e00000, 0x0000000084f00000, 0x0000000084f00000|100%| O|  |TAMS 0x0000000084f00000, 0x0000000084e00000| Untracked 
|  51|0x0000000084f00000, 0x0000000085000000, 0x0000000085000000|100%| O|  |TAMS 0x0000000085000000, 0x0000000084f00000| Untracked 
|  52|0x0000000085000000, 0x0000000085000000, 0x0000000085100000|  0%| F|  |TAMS 0x0000000085000000, 0x0000000085000000| Untracked 
|  53|0x0000000085100000, 0x0000000085100000, 0x0000000085200000|  0%| F|  |TAMS 0x0000000085100000, 0x0000000085100000| Untracked 
|  54|0x0000000085200000, 0x0000000085200000, 0x0000000085300000|  0%| F|  |TAMS 0x0000000085200000, 0x0000000085200000| Untracked 
|  55|0x0000000085300000, 0x0000000085400000, 0x0000000085400000|100%| O|  |TAMS 0x0000000085400000, 0x0000000085300000| Untracked 
|  56|0x0000000085400000, 0x0000000085400000, 0x0000000085500000|  0%| F|  |TAMS 0x0000000085400000, 0x0000000085400000| Untracked 
|  57|0x0000000085500000, 0x0000000085600000, 0x0000000085600000|100%| O|  |TAMS 0x0000000085600000, 0x0000000085500000| Untracked 
|  58|0x0000000085600000, 0x0000000085700000, 0x0000000085700000|100%| O|  |TAMS 0x0000000085700000, 0x0000000085600000| Untracked 
|  59|0x0000000085700000, 0x0000000085700000, 0x0000000085800000|  0%| F|  |TAMS 0x0000000085700000, 0x0000000085700000| Untracked 
|  60|0x0000000085800000, 0x0000000085800000, 0x0000000085900000|  0%| F|  |TAMS 0x0000000085800000, 0x0000000085800000| Untracked 
|  61|0x0000000085900000, 0x0000000085900000, 0x0000000085a00000|  0%| F|  |TAMS 0x0000000085900000, 0x0000000085900000| Untracked 
|  62|0x0000000085a00000, 0x0000000085a00000, 0x0000000085b00000|  0%| F|  |TAMS 0x0000000085a00000, 0x0000000085a00000| Untracked 
|  63|0x0000000085b00000, 0x0000000085b00000, 0x0000000085c00000|  0%| F|  |TAMS 0x0000000085b00000, 0x0000000085b00000| Untracked 
|  64|0x0000000085c00000, 0x0000000085c00000, 0x0000000085d00000|  0%| F|  |TAMS 0x0000000085c00000, 0x0000000085c00000| Untracked 
|  65|0x0000000085d00000, 0x0000000085d00000, 0x0000000085e00000|  0%| F|  |TAMS 0x0000000085d00000, 0x0000000085d00000| Untracked 
|  66|0x0000000085e00000, 0x0000000085f00000, 0x0000000085f00000|100%| O|  |TAMS 0x0000000085f00000, 0x0000000085e00000| Untracked 
|  67|0x0000000085f00000, 0x0000000086000000, 0x0000000086000000|100%| O|  |TAMS 0x0000000086000000, 0x0000000085f00000| Untracked 
|  68|0x0000000086000000, 0x0000000086000000, 0x0000000086100000|  0%| F|  |TAMS 0x0000000086000000, 0x0000000086000000| Untracked 
|  69|0x0000000086100000, 0x0000000086200000, 0x0000000086200000|100%| O|  |TAMS 0x0000000086200000, 0x0000000086100000| Untracked 
|  70|0x0000000086200000, 0x0000000086300000, 0x0000000086300000|100%| O|  |TAMS 0x0000000086300000, 0x0000000086200000| Untracked 
|  71|0x0000000086300000, 0x0000000086300000, 0x0000000086400000|  0%| F|  |TAMS 0x0000000086300000, 0x0000000086300000| Untracked 
|  72|0x0000000086400000, 0x0000000086500000, 0x0000000086500000|100%| O|  |TAMS 0x0000000086500000, 0x0000000086400000| Untracked 
|  73|0x0000000086500000, 0x00000000865f5d20, 0x0000000086600000| 96%| S|CS|TAMS 0x0000000086500000, 0x0000000086500000| Complete 
|  74|0x0000000086600000, 0x0000000086700000, 0x0000000086700000|100%| S|CS|TAMS 0x0000000086600000, 0x0000000086600000| Complete 
|  75|0x0000000086700000, 0x0000000086800000, 0x0000000086800000|100%| S|CS|TAMS 0x0000000086700000, 0x0000000086700000| Complete 
|  76|0x0000000086800000, 0x0000000086800000, 0x0000000086900000|  0%| F|  |TAMS 0x0000000086800000, 0x0000000086800000| Untracked 
|  77|0x0000000086900000, 0x0000000086900000, 0x0000000086a00000|  0%| F|  |TAMS 0x0000000086900000, 0x0000000086900000| Untracked 
|  78|0x0000000086a00000, 0x0000000086a00000, 0x0000000086b00000|  0%| F|  |TAMS 0x0000000086a00000, 0x0000000086a00000| Untracked 
|  79|0x0000000086b00000, 0x0000000086b00000, 0x0000000086c00000|  0%| F|  |TAMS 0x0000000086b00000, 0x0000000086b00000| Untracked 
|  80|0x0000000086c00000, 0x0000000086c00000, 0x0000000086d00000|  0%| F|  |TAMS 0x0000000086c00000, 0x0000000086c00000| Untracked 
|  81|0x0000000086d00000, 0x0000000086d00000, 0x0000000086e00000|  0%| F|  |TAMS 0x0000000086d00000, 0x0000000086d00000| Untracked 
|  82|0x0000000086e00000, 0x0000000086e00000, 0x0000000086f00000|  0%| F|  |TAMS 0x0000000086e00000, 0x0000000086e00000| Untracked 
|  83|0x0000000086f00000, 0x0000000086f00000, 0x0000000087000000|  0%| F|  |TAMS 0x0000000086f00000, 0x0000000086f00000| Untracked 
|  84|0x0000000087000000, 0x0000000087000000, 0x0000000087100000|  0%| F|  |TAMS 0x0000000087000000, 0x0000000087000000| Untracked 
|  85|0x0000000087100000, 0x0000000087100000, 0x0000000087200000|  0%| F|  |TAMS 0x0000000087100000, 0x0000000087100000| Untracked 
|  86|0x0000000087200000, 0x0000000087200000, 0x0000000087300000|  0%| F|  |TAMS 0x0000000087200000, 0x0000000087200000| Untracked 
|  87|0x0000000087300000, 0x0000000087300000, 0x0000000087400000|  0%| F|  |TAMS 0x0000000087300000, 0x0000000087300000| Untracked 
|  88|0x0000000087400000, 0x0000000087400000, 0x0000000087500000|  0%| F|  |TAMS 0x0000000087400000, 0x0000000087400000| Untracked 
|  89|0x0000000087500000, 0x0000000087500000, 0x0000000087600000|  0%| F|  |TAMS 0x0000000087500000, 0x0000000087500000| Untracked 
|  90|0x0000000087600000, 0x0000000087600000, 0x0000000087700000|  0%| F|  |TAMS 0x0000000087600000, 0x0000000087600000| Untracked 
|  91|0x0000000087700000, 0x0000000087700000, 0x0000000087800000|  0%| F|  |TAMS 0x0000000087700000, 0x0000000087700000| Untracked 
|  92|0x0000000087800000, 0x0000000087800000, 0x0000000087900000|  0%| F|  |TAMS 0x0000000087800000, 0x0000000087800000| Untracked 
|  93|0x0000000087900000, 0x0000000087900000, 0x0000000087a00000|  0%| F|  |TAMS 0x0000000087900000, 0x0000000087900000| Untracked 
|  94|0x0000000087a00000, 0x0000000087a00000, 0x0000000087b00000|  0%| F|  |TAMS 0x0000000087a00000, 0x0000000087a00000| Untracked 
|  95|0x0000000087b00000, 0x0000000087b00000, 0x0000000087c00000|  0%| F|  |TAMS 0x0000000087b00000, 0x0000000087b00000| Untracked 
|  96|0x0000000087c00000, 0x0000000087c00000, 0x0000000087d00000|  0%| F|  |TAMS 0x0000000087c00000, 0x0000000087c00000| Untracked 
|  97|0x0000000087d00000, 0x0000000087d00000, 0x0000000087e00000|  0%| F|  |TAMS 0x0000000087d00000, 0x0000000087d00000| Untracked 
|  98|0x0000000087e00000, 0x0000000087e00000, 0x0000000087f00000|  0%| F|  |TAMS 0x0000000087e00000, 0x0000000087e00000| Untracked 
|  99|0x0000000087f00000, 0x0000000087f00000, 0x0000000088000000|  0%| F|  |TAMS 0x0000000087f00000, 0x0000000087f00000| Untracked 
| 100|0x0000000088000000, 0x0000000088000000, 0x0000000088100000|  0%| F|  |TAMS 0x0000000088000000, 0x0000000088000000| Untracked 
| 101|0x0000000088100000, 0x0000000088100000, 0x0000000088200000|  0%| F|  |TAMS 0x0000000088100000, 0x0000000088100000| Untracked 
| 102|0x0000000088200000, 0x0000000088200000, 0x0000000088300000|  0%| F|  |TAMS 0x0000000088200000, 0x0000000088200000| Untracked 
| 103|0x0000000088300000, 0x0000000088300000, 0x0000000088400000|  0%| F|  |TAMS 0x0000000088300000, 0x0000000088300000| Untracked 
| 104|0x0000000088400000, 0x0000000088400000, 0x0000000088500000|  0%| F|  |TAMS 0x0000000088400000, 0x0000000088400000| Untracked 
| 105|0x0000000088500000, 0x0000000088500000, 0x0000000088600000|  0%| F|  |TAMS 0x0000000088500000, 0x0000000088500000| Untracked 
| 106|0x0000000088600000, 0x0000000088600000, 0x0000000088700000|  0%| F|  |TAMS 0x0000000088600000, 0x0000000088600000| Untracked 
| 107|0x0000000088700000, 0x0000000088700000, 0x0000000088800000|  0%| F|  |TAMS 0x0000000088700000, 0x0000000088700000| Untracked 
| 108|0x0000000088800000, 0x0000000088800000, 0x0000000088900000|  0%| F|  |TAMS 0x0000000088800000, 0x0000000088800000| Untracked 
| 109|0x0000000088900000, 0x0000000088900000, 0x0000000088a00000|  0%| F|  |TAMS 0x0000000088900000, 0x0000000088900000| Untracked 
| 110|0x0000000088a00000, 0x0000000088a00000, 0x0000000088b00000|  0%| F|  |TAMS 0x0000000088a00000, 0x0000000088a00000| Untracked 
| 111|0x0000000088b00000, 0x0000000088b00000, 0x0000000088c00000|  0%| F|  |TAMS 0x0000000088b00000, 0x0000000088b00000| Untracked 
| 112|0x0000000088c00000, 0x0000000088c00000, 0x0000000088d00000|  0%| F|  |TAMS 0x0000000088c00000, 0x0000000088c00000| Untracked 
| 113|0x0000000088d00000, 0x0000000088d00800, 0x0000000088e00000|  0%| E|  |TAMS 0x0000000088d00000, 0x0000000088d00000| Complete 
| 114|0x0000000088e00000, 0x0000000088f00000, 0x0000000088f00000|100%| E|CS|TAMS 0x0000000088e00000, 0x0000000088e00000| Complete 
| 115|0x0000000088f00000, 0x0000000089000000, 0x0000000089000000|100%| E|  |TAMS 0x0000000088f00000, 0x0000000088f00000| Complete 
| 116|0x0000000089000000, 0x0000000089100000, 0x0000000089100000|100%| E|CS|TAMS 0x0000000089000000, 0x0000000089000000| Complete 
| 117|0x0000000089100000, 0x0000000089200000, 0x0000000089200000|100%| E|CS|TAMS 0x0000000089100000, 0x0000000089100000| Complete 
| 118|0x0000000089200000, 0x0000000089300000, 0x0000000089300000|100%| E|CS|TAMS 0x0000000089200000, 0x0000000089200000| Complete 
| 119|0x0000000089300000, 0x0000000089400000, 0x0000000089400000|100%| E|CS|TAMS 0x0000000089300000, 0x0000000089300000| Complete 
| 120|0x0000000089400000, 0x0000000089500000, 0x0000000089500000|100%| E|CS|TAMS 0x0000000089400000, 0x0000000089400000| Complete 
| 121|0x0000000089500000, 0x0000000089600000, 0x0000000089600000|100%| E|CS|TAMS 0x0000000089500000, 0x0000000089500000| Complete 
| 122|0x0000000089600000, 0x0000000089700000, 0x0000000089700000|100%| E|CS|TAMS 0x0000000089600000, 0x0000000089600000| Complete 
| 126|0x0000000089a00000, 0x0000000089b00000, 0x0000000089b00000|100%| E|CS|TAMS 0x0000000089a00000, 0x0000000089a00000| Complete 
| 127|0x0000000089b00000, 0x0000000089c00000, 0x0000000089c00000|100%| E|CS|TAMS 0x0000000089b00000, 0x0000000089b00000| Complete 

Card table byte_map: [0x0000014a774f0000,0x0000014a778f0000] _byte_map_base: 0x0000014a770e2000

Marking Bits (Prev, Next): (CMBitMap*) 0x0000014a6266a3a8, (CMBitMap*) 0x0000014a6266a368
 Prev Bits: [0x0000014a79c80000, 0x0000014a7bc10000)
 Next Bits: [0x0000014a77cf0000, 0x0000014a79c80000)

Polling page: 0x0000014a626f0000

Metaspace:

Usage:
  Non-class:     83.90 MB capacity,    82.58 MB ( 98%) used,     1.05 MB (  1%) free+waste,   282.06 KB ( <1%) overhead. 
      Class:     11.55 MB capacity,    10.83 MB ( 94%) used,   626.58 KB (  5%) free+waste,   117.69 KB ( <1%) overhead. 
       Both:     95.45 MB capacity,    93.40 MB ( 98%) used,     1.66 MB (  2%) free+waste,   399.75 KB ( <1%) overhead. 

Virtual space:
  Non-class space:       84.00 MB reserved,      83.90 MB (>99%) committed 
      Class space:        1.00 GB reserved,      11.68 MB (  1%) committed 
             Both:        1.08 GB reserved,      95.57 MB (  9%) committed 

Chunk freelists:
   Non-Class:  3.00 KB
       Class:  10.00 KB
        Both:  13.00 KB

MaxMetaspaceSize: 17179869184.00 GB
CompressedClassSpaceSize: 1.00 GB

CodeHeap 'non-profiled nmethods': size=120000Kb used=10939Kb max_used=10939Kb free=109061Kb
 bounds [0x0000014a6f5a0000, 0x0000014a70050000, 0x0000014a76ad0000]
CodeHeap 'profiled nmethods': size=120000Kb used=31492Kb max_used=31492Kb free=88507Kb
 bounds [0x0000014a68070000, 0x0000014a69f40000, 0x0000014a6f5a0000]
CodeHeap 'non-nmethods': size=5760Kb used=1399Kb max_used=1459Kb free=4360Kb
 bounds [0x0000014a67ad0000, 0x0000014a67d40000, 0x0000014a68070000]
 total_blobs=15319 nmethods=14610 adapters=620
 compilation: enabled
              stopped_count=0, restarted_count=0
 full_count=0

Compilation events (20 events):
Event: 12636.413 Thread 0x0000014a7eae2000 17604   !   3       java.util.concurrent.ThreadPoolExecutor::getTask (177 bytes)
Event: 12636.415 Thread 0x0000014a7eae2000 nmethod 17604 0x0000014a69f2e890 code [0x0000014a69f2eb00, 0x0000014a69f2f9f8]
Event: 12638.191 Thread 0x0000014a7eae2000 17605       3       java.util.concurrent.ScheduledThreadPoolExecutor$DelayedWorkQueue::add (9 bytes)
Event: 12638.192 Thread 0x0000014a7eae2000 nmethod 17605 0x0000014a69f2fe90 code [0x0000014a69f30040, 0x0000014a69f302c8]
Event: 12656.415 Thread 0x0000014a7eae1800 17606       4       java.util.concurrent.ScheduledThreadPoolExecutor$DelayedWorkQueue::siftDown (119 bytes)
Event: 12656.433 Thread 0x0000014a7eae1800 nmethod 17606 0x0000014a7004c510 code [0x0000014a7004c7e0, 0x0000014a7004d1b8]
Event: 12760.726 Thread 0x0000014a7eae2000 17607   !   3       java.util.concurrent.ConcurrentHashMap::tryPresize (193 bytes)
Event: 12760.728 Thread 0x0000014a7eae2000 nmethod 17607 0x0000014a69f30390 code [0x0000014a69f305a0, 0x0000014a69f30e08]
Event: 12849.950 Thread 0x0000014a7eae1800 17608       4       org.apache.catalina.webresources.AbstractFileResourceSet::gc (1 bytes)
Event: 12849.951 Thread 0x0000014a7eae1800 nmethod 17608 0x0000014a7004d690 code [0x0000014a7004d800, 0x0000014a7004d858]
Event: 12900.846 Thread 0x0000014a7eae2000 17609       1       com.zaxxer.hikari.HikariConfig::getUsername (5 bytes)
Event: 12900.846 Thread 0x0000014a7eae2000 nmethod 17609 0x0000014a7004d990 code [0x0000014a7004db20, 0x0000014a7004dbd8]
Event: 12900.846 Thread 0x0000014a7eae2000 17610       1       com.zaxxer.hikari.HikariConfig::getPassword (5 bytes)
Event: 12900.846 Thread 0x0000014a7eae2000 nmethod 17610 0x0000014a7004dc90 code [0x0000014a7004de20, 0x0000014a7004ded8]
Event: 13111.039 Thread 0x0000014a7eae2000 17611       3       com.zaxxer.hikari.util.ConcurrentBag::getWaitingThreadCount (8 bytes)
Event: 13111.039 Thread 0x0000014a7eae2000 nmethod 17611 0x0000014a69f31010 code [0x0000014a69f311a0, 0x0000014a69f312b8]
Event: 13277.919 Thread 0x0000014a7eae1800 17612       4       java.lang.String::hashCode (60 bytes)
Event: 13277.924 Thread 0x0000014a7eae1800 nmethod 17612 0x0000014a7004df90 code [0x0000014a7004e120, 0x0000014a7004e388]
Event: 13277.925 Thread 0x0000014a7eae1800 17613       4       org.springframework.aop.support.AopUtils::isEqualsMethod (5 bytes)
Event: 13277.930 Thread 0x0000014a7eae1800 nmethod 17613 0x0000014a7004e490 code [0x0000014a7004e680, 0x0000014a7004e9f8]

GC Heap History (20 events):
Event: 7122.188 GC heap before
{Heap before GC invocations=70 (full 0):
 garbage-first heap   total 128000K, used 107262K [0x0000000081c00000, 0x0000000100000000)
  region size 1024K, 43 young (44032K), 1 survivors (1024K)
 Metaspace       used 94259K, capacity 96255K, committed 96460K, reserved 1134592K
  class space    used 11037K, capacity 11768K, committed 11828K, reserved 1048576K
}
Event: 7122.197 GC heap after
{Heap after GC invocations=71 (full 0):
 garbage-first heap   total 128000K, used 65411K [0x0000000081c00000, 0x0000000100000000)
  region size 1024K, 2 young (2048K), 2 survivors (2048K)
 Metaspace       used 94259K, capacity 96255K, committed 96460K, reserved 1134592K
  class space    used 11037K, capacity 11768K, committed 11828K, reserved 1048576K
}
Event: 7122.385 GC heap before
{Heap before GC invocations=71 (full 0):
 garbage-first heap   total 128000K, used 69507K [0x0000000081c00000, 0x0000000100000000)
  region size 1024K, 6 young (6144K), 2 survivors (2048K)
 Metaspace       used 94259K, capacity 96255K, committed 96460K, reserved 1134592K
  class space    used 11037K, capacity 11768K, committed 11828K, reserved 1048576K
}
Event: 7122.688 GC heap after
{Heap after GC invocations=72 (full 0):
 garbage-first heap   total 128000K, used 60843K [0x0000000081c00000, 0x0000000100000000)
  region size 1024K, 1 young (1024K), 1 survivors (1024K)
 Metaspace       used 94259K, capacity 96255K, committed 96460K, reserved 1134592K
  class space    used 11037K, capacity 11768K, committed 11828K, reserved 1048576K
}
Event: 7445.740 GC heap before
{Heap before GC invocations=72 (full 0):
 garbage-first heap   total 128000K, used 106923K [0x0000000081c00000, 0x0000000100000000)
  region size 1024K, 47 young (48128K), 1 survivors (1024K)
 Metaspace       used 94536K, capacity 96586K, committed 96716K, reserved 1134592K
  class space    used 11051K, capacity 11784K, committed 11828K, reserved 1048576K
}
Event: 7445.774 GC heap after
{Heap after GC invocations=73 (full 0):
 garbage-first heap   total 128000K, used 63031K [0x0000000081c00000, 0x0000000100000000)
  region size 1024K, 3 young (3072K), 3 survivors (3072K)
 Metaspace       used 94536K, capacity 96586K, committed 96716K, reserved 1134592K
  class space    used 11051K, capacity 11784K, committed 11828K, reserved 1048576K
}
Event: 7836.675 GC heap before
{Heap before GC invocations=74 (full 0):
 garbage-first heap   total 128000K, used 106039K [0x0000000081c00000, 0x0000000100000000)
  region size 1024K, 46 young (47104K), 3 survivors (3072K)
 Metaspace       used 94643K, capacity 96750K, committed 96972K, reserved 1134592K
  class space    used 11058K, capacity 11791K, committed 11828K, reserved 1048576K
}
Event: 7836.685 GC heap after
{Heap after GC invocations=75 (full 0):
 garbage-first heap   total 128000K, used 63314K [0x0000000081c00000, 0x0000000100000000)
  region size 1024K, 3 young (3072K), 3 survivors (3072K)
 Metaspace       used 94643K, capacity 96750K, committed 96972K, reserved 1134592K
  class space    used 11058K, capacity 11791K, committed 11828K, reserved 1048576K
}
Event: 7836.686 GC heap before
{Heap before GC invocations=75 (full 0):
 garbage-first heap   total 128000K, used 65362K [0x0000000081c00000, 0x0000000100000000)
  region size 1024K, 6 young (6144K), 3 survivors (3072K)
 Metaspace       used 94643K, capacity 96750K, committed 96972K, reserved 1134592K
  class space    used 11058K, capacity 11791K, committed 11828K, reserved 1048576K
}
Event: 7836.887 GC heap after
{Heap after GC invocations=76 (full 0):
 garbage-first heap   total 128000K, used 55656K [0x0000000081c00000, 0x0000000100000000)
  region size 1024K, 1 young (1024K), 1 survivors (1024K)
 Metaspace       used 94643K, capacity 96750K, committed 96972K, reserved 1134592K
  class space    used 11058K, capacity 11791K, committed 11828K, reserved 1048576K
}
Event: 8950.134 GC heap before
{Heap before GC invocations=76 (full 0):
 garbage-first heap   total 128000K, used 107880K [0x0000000081c00000, 0x0000000100000000)
  region size 1024K, 52 young (53248K), 1 survivors (1024K)
 Metaspace       used 94862K, capacity 96888K, committed 96972K, reserved 1134592K
  class space    used 11062K, capacity 11793K, committed 11828K, reserved 1048576K
}
Event: 8950.174 GC heap after
{Heap after GC invocations=77 (full 0):
 garbage-first heap   total 128000K, used 58917K [0x0000000081c00000, 0x0000000100000000)
  region size 1024K, 4 young (4096K), 4 survivors (4096K)
 Metaspace       used 94862K, capacity 96888K, committed 96972K, reserved 1134592K
  class space    used 11062K, capacity 11793K, committed 11828K, reserved 1048576K
}
Event: 10660.983 GC heap before
{Heap before GC invocations=77 (full 0):
 garbage-first heap   total 128000K, used 104997K [0x0000000081c00000, 0x0000000100000000)
  region size 1024K, 50 young (51200K), 4 survivors (4096K)
 Metaspace       used 95027K, capacity 97034K, committed 97228K, reserved 1134592K
  class space    used 11067K, capacity 11796K, committed 11828K, reserved 1048576K
}
Event: 10661.016 GC heap after
{Heap after GC invocations=78 (full 0):
 garbage-first heap   total 128000K, used 59464K [0x0000000081c00000, 0x0000000100000000)
  region size 1024K, 5 young (5120K), 5 survivors (5120K)
 Metaspace       used 95027K, capacity 97034K, committed 97228K, reserved 1134592K
  class space    used 11067K, capacity 11796K, committed 11828K, reserved 1048576K
}
Event: 10734.312 GC heap before
{Heap before GC invocations=79 (full 0):
 garbage-first heap   total 128000K, used 105544K [0x0000000081c00000, 0x0000000100000000)
  region size 1024K, 51 young (52224K), 5 survivors (5120K)
 Metaspace       used 95063K, capacity 97095K, committed 97228K, reserved 1134592K
  class space    used 11067K, capacity 11795K, committed 11828K, reserved 1048576K
}
Event: 10734.426 GC heap after
{Heap after GC invocations=80 (full 0):
 garbage-first heap   total 128000K, used 62438K [0x0000000081c00000, 0x0000000100000000)
  region size 1024K, 4 young (4096K), 4 survivors (4096K)
 Metaspace       used 95063K, capacity 97095K, committed 97228K, reserved 1134592K
  class space    used 11067K, capacity 11795K, committed 11828K, reserved 1048576K
}
Event: 11200.004 GC heap before
{Heap before GC invocations=80 (full 0):
 garbage-first heap   total 128000K, used 106470K [0x0000000081c00000, 0x0000000100000000)
  region size 1024K, 47 young (48128K), 4 survivors (4096K)
 Metaspace       used 95521K, capacity 97570K, committed 97740K, reserved 1134592K
  class space    used 11069K, capacity 11798K, committed 11828K, reserved 1048576K
}
Event: 11200.046 GC heap after
{Heap after GC invocations=81 (full 0):
 garbage-first heap   total 128000K, used 62573K [0x0000000081c00000, 0x0000000100000000)
  region size 1024K, 4 young (4096K), 4 survivors (4096K)
 Metaspace       used 95521K, capacity 97570K, committed 97740K, reserved 1134592K
  class space    used 11069K, capacity 11798K, committed 11828K, reserved 1048576K
}
Event: 13308.092 GC heap before
{Heap before GC invocations=82 (full 0):
 garbage-first heap   total 128000K, used 107629K [0x0000000081c00000, 0x0000000100000000)
  region size 1024K, 49 young (50176K), 4 survivors (4096K)
 Metaspace       used 95636K, capacity 97675K, committed 97868K, reserved 1134592K
  class space    used 11084K, capacity 11830K, committed 11956K, reserved 1048576K
}
Event: 13308.111 GC heap after
{Heap after GC invocations=83 (full 0):
 garbage-first heap   total 128000K, used 62300K [0x0000000081c00000, 0x0000000100000000)
  region size 1024K, 3 young (3072K), 3 survivors (3072K)
 Metaspace       used 95636K, capacity 97675K, committed 97868K, reserved 1134592K
  class space    used 11084K, capacity 11830K, committed 11956K, reserved 1048576K
}

Deoptimization events (20 events):
Event: 12413.381 Thread 0x0000014a081ee000 Uncommon trap: trap_request=0xfffffff6 fr.pc=0x0000014a6fccd9f8 relative=0x00000000000001b8
Event: 12413.381 Thread 0x0000014a081ee000 Uncommon trap: reason=null_check action=maybe_recompile pc=0x0000014a6fccd9f8 method=java.lang.StringLatin1.hashCode([B)I @ 5 c2
Event: 12413.381 Thread 0x0000014a081ee000 DEOPT PACKING pc=0x0000014a6fccd9f8 sp=0x0000002a146fe950
Event: 12413.381 Thread 0x0000014a081ee000 DEOPT UNPACKING pc=0x0000014a67b1912f sp=0x0000002a146fe858 mode 2
Event: 12414.224 Thread 0x0000014a081ee000 Uncommon trap: trap_request=0xfffffff6 fr.pc=0x0000014a6f5a02e8 relative=0x0000000000000148
Event: 12414.224 Thread 0x0000014a081ee000 Uncommon trap: reason=null_check action=maybe_recompile pc=0x0000014a6f5a02e8 method=java.lang.StringLatin1.hashCode([B)I @ 5 c2
Event: 12414.224 Thread 0x0000014a081ee000 DEOPT PACKING pc=0x0000014a6f5a02e8 sp=0x0000002a146fe8d0
Event: 12414.225 Thread 0x0000014a081ee000 DEOPT UNPACKING pc=0x0000014a67b1912f sp=0x0000002a146fe848 mode 2
Event: 12536.373 Thread 0x0000014a7eaf2800 Uncommon trap: trap_request=0xffffff45 fr.pc=0x0000014a6facc1b0 relative=0x00000000000025b0
Event: 12536.373 Thread 0x0000014a7eaf2800 Uncommon trap: reason=unstable_if action=reinterpret pc=0x0000014a6facc1b0 method=java.util.concurrent.ScheduledThreadPoolExecutor$DelayedWorkQueue.finishPoll(Ljava/util/concurrent/RunnableScheduledFuture;)Ljava/util/concurrent/RunnableScheduledFuture; @ 
Event: 12536.373 Thread 0x0000014a7eaf2800 DEOPT PACKING pc=0x0000014a6facc1b0 sp=0x0000002a14bff330
Event: 12536.490 Thread 0x0000014a7eaf2800 DEOPT UNPACKING pc=0x0000014a67b1912f sp=0x0000002a14bff1a8 mode 2
Event: 12536.524 Thread 0x0000014a7eaf2800 Uncommon trap: trap_request=0xffffff45 fr.pc=0x0000014a6fac6f48 relative=0x0000000000000fa8
Event: 12536.524 Thread 0x0000014a7eaf2800 Uncommon trap: reason=unstable_if action=reinterpret pc=0x0000014a6fac6f48 method=java.util.concurrent.ScheduledThreadPoolExecutor$DelayedWorkQueue.offer(Ljava/lang/Runnable;)Z @ 56 c2
Event: 12536.524 Thread 0x0000014a7eaf2800 DEOPT PACKING pc=0x0000014a6fac6f48 sp=0x0000002a14bff2d0
Event: 12536.524 Thread 0x0000014a7eaf2800 DEOPT UNPACKING pc=0x0000014a67b1912f sp=0x0000002a14bff1e0 mode 2
Event: 13307.931 Thread 0x0000014a081e2000 Uncommon trap: trap_request=0xffffff45 fr.pc=0x0000014a6f857ac8 relative=0x0000000000000428
Event: 13307.931 Thread 0x0000014a081e2000 Uncommon trap: reason=unstable_if action=reinterpret pc=0x0000014a6f857ac8 method=org.jboss.logging.Log4j2Logger.doLog(Lorg/jboss/logging/Logger$Level;Ljava/lang/String;Ljava/lang/Object;[Ljava/lang/Object;Ljava/lang/Throwable;)V @ 15 c2
Event: 13307.931 Thread 0x0000014a081e2000 DEOPT PACKING pc=0x0000014a6f857ac8 sp=0x0000002a161f9970
Event: 13307.931 Thread 0x0000014a081e2000 DEOPT UNPACKING pc=0x0000014a67b1912f sp=0x0000002a161f9940 mode 2

Classes unloaded (20 events):
Event: 3610.027 Thread 0x0000014a7eaa3000 Unloading class 0x00000001001b2040 'jdk/internal/reflect/GeneratedConstructorAccessor3'
Event: 3610.027 Thread 0x0000014a7eaa3000 Unloading class 0x00000001001a6440 'java/lang/invoke/LambdaForm$MH'
Event: 3610.027 Thread 0x0000014a7eaa3000 Unloading class 0x00000001001a6040 'java/lang/invoke/LambdaForm$MH'
Event: 3610.027 Thread 0x0000014a7eaa3000 Unloading class 0x00000001001a6c40 'java/lang/invoke/LambdaForm$MH'
Event: 3610.240 Thread 0x0000014a7eaa3000 Unloading class 0x00000001001a6840 'java/lang/invoke/LambdaForm$MH'
Event: 3610.240 Thread 0x0000014a7eaa3000 Unloading class 0x00000001001a7440 'java/lang/invoke/LambdaForm$MH'
Event: 3610.240 Thread 0x0000014a7eaa3000 Unloading class 0x00000001001a7c40 'java/lang/invoke/LambdaForm$MH'
Event: 3610.240 Thread 0x0000014a7eaa3000 Unloading class 0x00000001001a7840 'java/lang/invoke/LambdaForm$MH'
Event: 3610.240 Thread 0x0000014a7eaa3000 Unloading class 0x000000010014e840 'java/lang/invoke/LambdaForm$MH'
Event: 3610.240 Thread 0x0000014a7eaa3000 Unloading class 0x000000010014f040 'java/lang/invoke/LambdaForm$MH'
Event: 3610.240 Thread 0x0000014a7eaa3000 Unloading class 0x000000010014fc40 'java/lang/invoke/LambdaForm$MH'
Event: 3610.240 Thread 0x0000014a7eaa3000 Unloading class 0x000000010014f840 'java/lang/invoke/LambdaForm$MH'
Event: 3610.240 Thread 0x0000014a7eaa3000 Unloading class 0x0000000100148c40 'java/lang/invoke/LambdaForm$MH'
Event: 3610.240 Thread 0x0000014a7eaa3000 Unloading class 0x0000000100148840 'java/lang/invoke/LambdaForm$MH'
Event: 3610.240 Thread 0x0000014a7eaa3000 Unloading class 0x0000000100148440 'java/lang/invoke/LambdaForm$MH'
Event: 3610.240 Thread 0x0000014a7eaa3000 Unloading class 0x0000000100148040 'java/lang/invoke/LambdaForm$MH'
Event: 3610.240 Thread 0x0000014a7eaa3000 Unloading class 0x000000010012b440 'java/lang/invoke/LambdaForm$MH'
Event: 3610.240 Thread 0x0000014a7eaa3000 Unloading class 0x000000010012bc40 'java/lang/invoke/LambdaForm$MH'
Event: 3610.240 Thread 0x0000014a7eaa3000 Unloading class 0x000000010012b840 'java/lang/invoke/LambdaForm$MH'
Event: 10661.205 Thread 0x0000014a7eaa3000 Unloading class 0x0000000100665040 'jdk/internal/reflect/GeneratedMethodAccessor216'

Classes redefined (0 events):
No events

Internal exceptions (20 events):
Event: 8949.999 Thread 0x0000014a081e3800 Exception <a 'java/io/IOException'{0x000000008682cf78}> (0x000000008682cf78) 
thrown [./open/src/hotspot/share/prims/jni.cpp, line 599]
Event: 10629.567 Thread 0x0000014a081ea000 Exception <a 'java/io/IOException'{0x0000000086ff3d50}> (0x0000000086ff3d50) 
thrown [./open/src/hotspot/share/prims/jni.cpp, line 599]
Event: 10629.567 Thread 0x0000014a081ea000 Exception <a 'java/io/IOException'{0x0000000086ff4660}> (0x0000000086ff4660) 
thrown [./open/src/hotspot/share/prims/jni.cpp, line 599]
Event: 10677.699 Thread 0x0000014a081ec800 Exception <a 'java/io/IOException'{0x000000008960fa38}> (0x000000008960fa38) 
thrown [./open/src/hotspot/share/prims/jni.cpp, line 599]
Event: 10690.160 Thread 0x0000014a081ee000 Exception <a 'java/io/IOException'{0x0000000088a559f8}> (0x0000000088a559f8) 
thrown [./open/src/hotspot/share/prims/jni.cpp, line 599]
Event: 10694.166 Thread 0x0000014a081ee000 Exception <a 'java/io/IOException'{0x0000000088a573d8}> (0x0000000088a573d8) 
thrown [./open/src/hotspot/share/prims/jni.cpp, line 599]
Event: 10694.166 Thread 0x0000014a081ee000 Exception <a 'java/io/IOException'{0x0000000088a57ce8}> (0x0000000088a57ce8) 
thrown [./open/src/hotspot/share/prims/jni.cpp, line 599]
Event: 10694.336 Thread 0x0000014a081ee000 Exception <a 'java/io/IOException'{0x0000000088a599c0}> (0x0000000088a599c0) 
thrown [./open/src/hotspot/share/prims/jni.cpp, line 599]
Event: 10698.518 Thread 0x0000014a081ee000 Exception <a 'java/net/SocketException'{0x0000000088a5b648}: Connection reset by peer: shutdown> (0x0000000088a5b648) 
thrown [./open/src/hotspot/share/prims/jni.cpp, line 620]
Event: 10700.330 Thread 0x0000014a081ee000 Exception <a 'java/io/IOException'{0x0000000088a5ca60}> (0x0000000088a5ca60) 
thrown [./open/src/hotspot/share/prims/jni.cpp, line 599]
Event: 10700.330 Thread 0x0000014a081ee000 Exception <a 'java/io/IOException'{0x0000000088a5d370}> (0x0000000088a5d370) 
thrown [./open/src/hotspot/share/prims/jni.cpp, line 599]
Event: 10717.398 Thread 0x0000014a081ec800 Exception <a 'java/io/IOException'{0x0000000087220d68}> (0x0000000087220d68) 
thrown [./open/src/hotspot/share/prims/jni.cpp, line 599]
Event: 12411.818 Thread 0x0000014a081ef000 Exception <a 'java/net/SocketException'{0x000000008867d828}: Connection reset by peer: shutdown> (0x000000008867d828) 
thrown [./open/src/hotspot/share/prims/jni.cpp, line 620]
Event: 12411.819 Thread 0x0000014a081ee000 Exception <a 'java/lang/reflect/InvocationTargetException'{0x000000008868ad80}> (0x000000008868ad80) 
thrown [./open/src/hotspot/share/runtime/reflection.cpp, line 1188]
Event: 12412.443 Thread 0x0000014a081ee000 Implicit null exception at 0x0000014a6fccd8c2 to 0x0000014a6fccd9ec
Event: 12412.818 Thread 0x0000014a081ee000 Implicit null exception at 0x0000014a6fccd8c2 to 0x0000014a6fccd9ec
Event: 12413.381 Thread 0x0000014a081ee000 Implicit null exception at 0x0000014a6fccd8c2 to 0x0000014a6fccd9ec
Event: 12414.224 Thread 0x0000014a081ee000 Implicit null exception at 0x0000014a6f5a01ac to 0x0000014a6f5a02dc
Event: 12461.304 Thread 0x0000014a081ed800 Exception <a 'java/io/IOException'{0x000000008852f468}> (0x000000008852f468) 
thrown [./open/src/hotspot/share/prims/jni.cpp, line 599]
Event: 13308.137 Thread 0x0000014a081e2000 Exception <a 'java/lang/reflect/InvocationTargetException'{0x0000000088ec6008}> (0x0000000088ec6008) 
thrown [./open/src/hotspot/share/runtime/reflection.cpp, line 1188]

Events (20 events):
Event: 12486.071 Executing VM operation: HandshakeOneThread done
Event: 12491.082 Executing VM operation: HandshakeOneThread
Event: 12491.082 Executing VM operation: HandshakeOneThread done
Event: 12491.082 Thread 0x0000014a081eb000 Thread exited: 0x0000014a081eb000
Event: 12529.372 Thread 0x0000014a081ef000 Thread added: 0x0000014a081ef000
Event: 12529.372 Executing VM operation: BulkRevokeBias
Event: 12529.373 Executing VM operation: BulkRevokeBias done
Event: 12529.373 Executing VM operation: BulkRevokeBias
Event: 12529.373 Executing VM operation: BulkRevokeBias done
Event: 12529.373 Executing VM operation: BulkRevokeBias
Event: 12529.373 Executing VM operation: BulkRevokeBias done
Event: 12529.373 Executing VM operation: BulkRevokeBias
Event: 12529.373 Executing VM operation: BulkRevokeBias done
Event: 12529.401 Executing VM operation: HandshakeOneThread
Event: 12529.401 Executing VM operation: HandshakeOneThread done
Event: 12534.406 Executing VM operation: HandshakeOneThread
Event: 12534.406 Executing VM operation: HandshakeOneThread done
Event: 12534.407 Thread 0x0000014a081ef000 Thread exited: 0x0000014a081ef000
Event: 13308.092 Executing VM operation: G1CollectForAllocation
Event: 13308.111 Executing VM operation: G1CollectForAllocation done


Dynamic libraries:
0x00007ff776f10000 - 0x00007ff776f1d000 	E:\spring-tool-suite-4-4.8.0.RELEASE-e4.17.0-win32.win32.x86_64.self-extracting\sts-4.8.0.RELEASE\plugins\org.eclipse.justj.openjdk.hotspot.jre.full.win32.x86_64_14.0.2.v20200815-0932\jre\bin\javaw.exe
0x00007fffb4af0000 - 0x00007fffb4ce5000 	C:\WINDOWS\SYSTEM32\ntdll.dll
0x00007fffb48d0000 - 0x00007fffb498d000 	C:\WINDOWS\System32\KERNEL32.DLL
0x00007fffb2520000 - 0x00007fffb27e8000 	C:\WINDOWS\System32\KERNELBASE.dll
0x00007fffb27f0000 - 0x00007fffb28f0000 	C:\WINDOWS\System32\ucrtbase.dll
0x00007fff9ea50000 - 0x00007fff9ea68000 	E:\spring-tool-suite-4-4.8.0.RELEASE-e4.17.0-win32.win32.x86_64.self-extracting\sts-4.8.0.RELEASE\plugins\org.eclipse.justj.openjdk.hotspot.jre.full.win32.x86_64_14.0.2.v20200815-0932\jre\bin\jli.dll
0x00007fff9ea70000 - 0x00007fff9ea85000 	E:\spring-tool-suite-4-4.8.0.RELEASE-e4.17.0-win32.win32.x86_64.self-extracting\sts-4.8.0.RELEASE\plugins\org.eclipse.justj.openjdk.hotspot.jre.full.win32.x86_64_14.0.2.v20200815-0932\jre\bin\VCRUNTIME140.dll
0x00007fffb37f0000 - 0x00007fffb3990000 	C:\WINDOWS\System32\USER32.dll
0x00007fffb2af0000 - 0x00007fffb2b12000 	C:\WINDOWS\System32\win32u.dll
0x00007fffb34a0000 - 0x00007fffb34ca000 	C:\WINDOWS\System32\GDI32.dll
0x00007fff9c520000 - 0x00007fff9c7ba000 	C:\WINDOWS\WinSxS\amd64_microsoft.windows.common-controls_6595b64144ccf1df_6.0.19041.844_none_ca00b6081b84eb1d\COMCTL32.dll
0x00007fffb2280000 - 0x00007fffb238b000 	C:\WINDOWS\System32\gdi32full.dll
0x00007fffb2fe0000 - 0x00007fffb307e000 	C:\WINDOWS\System32\msvcrt.dll
0x00007fffb2a50000 - 0x00007fffb2aed000 	C:\WINDOWS\System32\msvcp_win.dll
0x00007fffb4740000 - 0x00007fffb4770000 	C:\WINDOWS\System32\IMM32.DLL
0x00007fff9e9b0000 - 0x00007fff9ea4b000 	E:\spring-tool-suite-4-4.8.0.RELEASE-e4.17.0-win32.win32.x86_64.self-extracting\sts-4.8.0.RELEASE\plugins\org.eclipse.justj.openjdk.hotspot.jre.full.win32.x86_64_14.0.2.v20200815-0932\jre\bin\msvcp140.dll
0x00007fff87a90000 - 0x00007fff885ae000 	E:\spring-tool-suite-4-4.8.0.RELEASE-e4.17.0-win32.win32.x86_64.self-extracting\sts-4.8.0.RELEASE\plugins\org.eclipse.justj.openjdk.hotspot.jre.full.win32.x86_64_14.0.2.v20200815-0932\jre\bin\server\jvm.dll
0x00007fffb3080000 - 0x00007fffb312c000 	C:\WINDOWS\System32\ADVAPI32.dll
0x00007fffb34d0000 - 0x00007fffb356b000 	C:\WINDOWS\System32\sechost.dll
0x00007fffb3660000 - 0x00007fffb378b000 	C:\WINDOWS\System32\RPCRT4.dll
0x00007fffb3cd0000 - 0x00007fffb3cd8000 	C:\WINDOWS\System32\PSAPI.DLL
0x00007fffa4330000 - 0x00007fffa433a000 	C:\WINDOWS\SYSTEM32\VERSION.dll
0x00007fffafb60000 - 0x00007fffafb69000 	C:\WINDOWS\SYSTEM32\WSOCK32.dll
0x00007fffa8ae0000 - 0x00007fffa8b07000 	C:\WINDOWS\SYSTEM32\WINMM.dll
0x00007fffb3570000 - 0x00007fffb35db000 	C:\WINDOWS\System32\WS2_32.dll
0x00007fffb0190000 - 0x00007fffb01a2000 	C:\WINDOWS\SYSTEM32\kernel.appcore.dll
0x00007fffade50000 - 0x00007fffade5a000 	E:\spring-tool-suite-4-4.8.0.RELEASE-e4.17.0-win32.win32.x86_64.self-extracting\sts-4.8.0.RELEASE\plugins\org.eclipse.justj.openjdk.hotspot.jre.full.win32.x86_64_14.0.2.v20200815-0932\jre\bin\jimage.dll
0x00007fffa4810000 - 0x00007fffa49f4000 	C:\WINDOWS\SYSTEM32\DBGHELP.DLL
0x00007fffa4730000 - 0x00007fffa475c000 	C:\WINDOWS\SYSTEM32\dbgcore.DLL
0x00007fffb2390000 - 0x00007fffb2410000 	C:\WINDOWS\System32\bcryptPrimitives.dll
0x00007fffa6b30000 - 0x00007fffa6b55000 	E:\spring-tool-suite-4-4.8.0.RELEASE-e4.17.0-win32.win32.x86_64.self-extracting\sts-4.8.0.RELEASE\plugins\org.eclipse.justj.openjdk.hotspot.jre.full.win32.x86_64_14.0.2.v20200815-0932\jre\bin\java.dll
0x00007fffa8050000 - 0x00007fffa8066000 	E:\spring-tool-suite-4-4.8.0.RELEASE-e4.17.0-win32.win32.x86_64.self-extracting\sts-4.8.0.RELEASE\plugins\org.eclipse.justj.openjdk.hotspot.jre.full.win32.x86_64_14.0.2.v20200815-0932\jre\bin\zip.dll
0x00007fffb3d90000 - 0x00007fffb44d2000 	C:\WINDOWS\System32\SHELL32.dll
0x00007fffb0390000 - 0x00007fffb0b21000 	C:\WINDOWS\SYSTEM32\windows.storage.dll
0x00007fffb3140000 - 0x00007fffb3495000 	C:\WINDOWS\System32\combase.dll
0x00007fffb1c30000 - 0x00007fffb1c5c000 	C:\WINDOWS\SYSTEM32\Wldp.dll
0x00007fffb3ce0000 - 0x00007fffb3d8e000 	C:\WINDOWS\System32\SHCORE.dll
0x00007fffb46e0000 - 0x00007fffb4735000 	C:\WINDOWS\System32\shlwapi.dll
0x00007fffb2170000 - 0x00007fffb218f000 	C:\WINDOWS\SYSTEM32\profapi.dll
0x00007fffa6b10000 - 0x00007fffa6b29000 	E:\spring-tool-suite-4-4.8.0.RELEASE-e4.17.0-win32.win32.x86_64.self-extracting\sts-4.8.0.RELEASE\plugins\org.eclipse.justj.openjdk.hotspot.jre.full.win32.x86_64_14.0.2.v20200815-0932\jre\bin\net.dll
0x00007fffa96a0000 - 0x00007fffa97ab000 	C:\WINDOWS\SYSTEM32\WINHTTP.dll
0x00007fffb1940000 - 0x00007fffb19aa000 	C:\WINDOWS\system32\mswsock.dll
0x00007fffa6af0000 - 0x00007fffa6b02000 	E:\spring-tool-suite-4-4.8.0.RELEASE-e4.17.0-win32.win32.x86_64.self-extracting\sts-4.8.0.RELEASE\plugins\org.eclipse.justj.openjdk.hotspot.jre.full.win32.x86_64_14.0.2.v20200815-0932\jre\bin\nio.dll
0x00007fffaddb0000 - 0x00007fffaddc0000 	E:\spring-tool-suite-4-4.8.0.RELEASE-e4.17.0-win32.win32.x86_64.self-extracting\sts-4.8.0.RELEASE\plugins\org.eclipse.justj.openjdk.hotspot.jre.full.win32.x86_64_14.0.2.v20200815-0932\jre\bin\verify.dll
0x00007fffadde0000 - 0x00007fffadde9000 	E:\spring-tool-suite-4-4.8.0.RELEASE-e4.17.0-win32.win32.x86_64.self-extracting\sts-4.8.0.RELEASE\plugins\org.eclipse.justj.openjdk.hotspot.jre.full.win32.x86_64_14.0.2.v20200815-0932\jre\bin\management.dll
0x00007fffa7ba0000 - 0x00007fffa7bab000 	E:\spring-tool-suite-4-4.8.0.RELEASE-e4.17.0-win32.win32.x86_64.self-extracting\sts-4.8.0.RELEASE\plugins\org.eclipse.justj.openjdk.hotspot.jre.full.win32.x86_64_14.0.2.v20200815-0932\jre\bin\management_ext.dll
0x00007fffa3210000 - 0x00007fffa3227000 	C:\WINDOWS\system32\napinsp.dll
0x00007fffa31f0000 - 0x00007fffa320b000 	C:\WINDOWS\system32\pnrpnsp.dll
0x00007fffa31d0000 - 0x00007fffa31e5000 	C:\WINDOWS\system32\wshbth.dll
0x00007fffadd00000 - 0x00007fffadd1d000 	C:\WINDOWS\system32\NLAapi.dll
0x00007fffb1630000 - 0x00007fffb166b000 	C:\WINDOWS\SYSTEM32\IPHLPAPI.DLL
0x00007fffb1670000 - 0x00007fffb173c000 	C:\WINDOWS\SYSTEM32\DNSAPI.dll
0x00007fffb3130000 - 0x00007fffb3138000 	C:\WINDOWS\System32\NSI.dll
0x00007fffa31b0000 - 0x00007fffa31c2000 	C:\WINDOWS\System32\winrnr.dll
0x00007fffa8480000 - 0x00007fffa848a000 	C:\Windows\System32\rasadhlp.dll
0x00007fffa9620000 - 0x00007fffa969f000 	C:\WINDOWS\System32\fwpuclnt.dll
0x00007fffb2b20000 - 0x00007fffb2b47000 	C:\WINDOWS\System32\bcrypt.dll
0x00007fffb1b70000 - 0x00007fffb1b88000 	C:\WINDOWS\SYSTEM32\CRYPTSP.dll
0x00007fffb12e0000 - 0x00007fffb1314000 	C:\WINDOWS\system32\rsaenh.dll
0x00007fffb2130000 - 0x00007fffb215e000 	C:\WINDOWS\SYSTEM32\USERENV.dll
0x00007fffb1b90000 - 0x00007fffb1b9c000 	C:\WINDOWS\SYSTEM32\CRYPTBASE.dll
0x00007fffaa580000 - 0x00007fffaa597000 	C:\WINDOWS\SYSTEM32\dhcpcsvc6.DLL
0x00007fffaa3f0000 - 0x00007fffaa40d000 	C:\WINDOWS\SYSTEM32\dhcpcsvc.DLL
0x00007fff9e980000 - 0x00007fff9e9a5000 	E:\spring-tool-suite-4-4.8.0.RELEASE-e4.17.0-win32.win32.x86_64.self-extracting\sts-4.8.0.RELEASE\plugins\org.eclipse.justj.openjdk.hotspot.jre.full.win32.x86_64_14.0.2.v20200815-0932\jre\bin\sunec.dll
0x00007fffa7dd0000 - 0x00007fffa7dde000 	E:\spring-tool-suite-4-4.8.0.RELEASE-e4.17.0-win32.win32.x86_64.self-extracting\sts-4.8.0.RELEASE\plugins\org.eclipse.justj.openjdk.hotspot.jre.full.win32.x86_64_14.0.2.v20200815-0932\jre\bin\sunmscapi.dll
0x00007fffb28f0000 - 0x00007fffb2a4f000 	C:\WINDOWS\System32\CRYPT32.dll
0x00007fffb1ca0000 - 0x00007fffb1cc7000 	C:\WINDOWS\SYSTEM32\ncrypt.dll
0x00007fffb1c60000 - 0x00007fffb1c9b000 	C:\WINDOWS\SYSTEM32\NTASN1.dll

dbghelp: loaded successfully - version: 4.0.5 - missing functions: none
symbol engine: initialized successfully - sym options: 0x614 - pdb path: .;E:\spring-tool-suite-4-4.8.0.RELEASE-e4.17.0-win32.win32.x86_64.self-extracting\sts-4.8.0.RELEASE\plugins\org.eclipse.justj.openjdk.hotspot.jre.full.win32.x86_64_14.0.2.v20200815-0932\jre\bin;C:\WINDOWS\SYSTEM32;C:\WINDOWS\WinSxS\amd64_microsoft.windows.common-controls_6595b64144ccf1df_6.0.19041.844_none_ca00b6081b84eb1d;E:\spring-tool-suite-4-4.8.0.RELEASE-e4.17.0-win32.win32.x86_64.self-extracting\sts-4.8.0.RELEASE\plugins\org.eclipse.justj.openjdk.hotspot.jre.full.win32.x86_64_14.0.2.v20200815-0932\jre\bin\server

VM Arguments:
jvm_args: -Dfile.encoding=UTF-8 -XX:+ShowCodeDetailsInExceptionMessages 
java_command: com.ncs.doorsystem.RunApplication
java_class_path (initial): F:\NCSDOOR\RemoteServerBackend\localBackend-main\target\classes;C:\Users\admin\.m2\repository\org\eclipse\paho\org.eclipse.paho.client.mqttv3\1.2.1\org.eclipse.paho.client.mqttv3-1.2.1.jar;C:\Users\admin\.m2\repository\org\springframework\boot\spring-boot-starter-web\2.3.4.RELEASE\spring-boot-starter-web-2.3.4.RELEASE.jar;C:\Users\admin\.m2\repository\org\springframework\boot\spring-boot-starter\2.3.4.RELEASE\spring-boot-starter-2.3.4.RELEASE.jar;C:\Users\admin\.m2\repository\org\springframework\boot\spring-boot-starter-logging\2.3.4.RELEASE\spring-boot-starter-logging-2.3.4.RELEASE.jar;C:\Users\admin\.m2\repository\ch\qos\logback\logback-classic\1.2.3\logback-classic-1.2.3.jar;C:\Users\admin\.m2\repository\ch\qos\logback\logback-core\1.2.3\logback-core-1.2.3.jar;C:\Users\admin\.m2\repository\org\apache\logging\log4j\log4j-to-slf4j\2.13.3\log4j-to-slf4j-2.13.3.jar;C:\Users\admin\.m2\repository\org\apache\logging\log4j\log4j-api\2.13.3\log4j-api-2.13.3.jar;C:\Users\admin\.m2\repository\org\slf4j\jul-to-slf4j\1.7.30\jul-to-slf4j-1.7.30.jar;C:\Users\admin\.m2\repository\org\yaml\snakeyaml\1.26\snakeyaml-1.26.jar;C:\Users\admin\.m2\repository\org\springframework\boot\spring-boot-starter-json\2.3.4.RELEASE\spring-boot-starter-json-2.3.4.RELEASE.jar;C:\Users\admin\.m2\repository\com\fasterxml\jackson\core\jackson-databind\2.11.2\jackson-databind-2.11.2.jar;C:\Users\admin\.m2\repository\com\fasterxml\jackson\core\jackson-core\2.11.2\jackson-core-2.11.2.jar;C:\Users\admin\.m2\repository\com\fasterxml\jackson\datatype\jackson-datatype-jdk8\2.11.2\jackson-datatype-jdk8-2.11.2.jar;C:\Users\admin\.m2\repository\com\fasterxml\jackson\datatype\jackson-datatype-jsr310\2.11.2\jackson-datatype-jsr310-2.11.2.jar;C:\Users\admin\.m2\repository\com\fasterxml\jackson\module\jackson-module-parameter-names\2.11.2\jackson-module-parameter-names-2.11.2.jar;C:\Users\admin\.m2\repository\org\springframework\spring-web\5.2.9.RELEASE\spring-web-5.2.9.RELEASE.jar;C:\U
Launcher Type: SUN_STANDARD

[Global flags]
     intx CICompilerCount                          = 3                                         {product} {ergonomic}
     uint ConcGCThreads                            = 1                                         {product} {ergonomic}
     uint G1ConcRefinementThreads                  = 4                                         {product} {ergonomic}
   size_t G1HeapRegionSize                         = 1048576                                   {product} {ergonomic}
    uintx GCDrainStackTargetSize                   = 64                                        {product} {ergonomic}
   size_t InitialHeapSize                          = 134217728                                 {product} {ergonomic}
   size_t MarkStackSize                            = 4194304                                   {product} {ergonomic}
   size_t MaxHeapSize                              = 2118123520                                {product} {ergonomic}
   size_t MaxNewSize                               = 1270874112                                {product} {ergonomic}
   size_t MinHeapDeltaBytes                        = 1048576                                   {product} {ergonomic}
   size_t MinHeapSize                              = 8388608                                   {product} {ergonomic}
    uintx NonNMethodCodeHeapSize                   = 5832780                                {pd product} {ergonomic}
    uintx NonProfiledCodeHeapSize                  = 122912730                              {pd product} {ergonomic}
    uintx ProfiledCodeHeapSize                     = 122912730                              {pd product} {ergonomic}
    uintx ReservedCodeCacheSize                    = 251658240                              {pd product} {ergonomic}
     bool SegmentedCodeCache                       = true                                      {product} {ergonomic}
     bool ShowCodeDetailsInExceptionMessages       = true                                   {manageable} {command line}
   size_t SoftMaxHeapSize                          = 2118123520                             {manageable} {ergonomic}
     bool UseCompressedClassPointers               = true                                 {lp64_product} {ergonomic}
     bool UseCompressedOops                        = true                                 {lp64_product} {ergonomic}
     bool UseG1GC                                  = true                                      {product} {ergonomic}
     bool UseLargePagesIndividualAllocation        = false                                  {pd product} {ergonomic}

Logging:
Log output configuration:
 #0: stdout all=warning uptime,level,tags
 #1: stderr all=off uptime,level,tags

Environment Variables:
PATH=E:/spring-tool-suite-4-4.8.0.RELEASE-e4.17.0-win32.win32.x86_64.self-extracting/sts-4.8.0.RELEASE//plugins/org.eclipse.justj.openjdk.hotspot.jre.full.win32.x86_64_14.0.2.v20200815-0932/jre/bin/server;E:/spring-tool-suite-4-4.8.0.RELEASE-e4.17.0-win32.win32.x86_64.self-extracting/sts-4.8.0.RELEASE//plugins/org.eclipse.justj.openjdk.hotspot.jre.full.win32.x86_64_14.0.2.v20200815-0932/jre/bin;C:\Python39\Scripts\;C:\Python39\;C:\WINDOWS\system32;C:\WINDOWS;C:\WINDOWS\System32\Wbem;C:\WINDOWS\System32\WindowsPowerShell\v1.0\;C:\WINDOWS\System32\OpenSSH\;C:\Program Files (x86)\Windows Kits\10\Windows Performance Toolkit\;C:\Program Files\dotnet\;C:\Program Files\Microsoft SQL Server\130\Tools\Binn\;C:\Program Files\Microsoft SQL Server\Client SDK\ODBC\170\Tools\Binn\;C:\Program Files\nodejs\;C:\ProgramData\chocolatey\bin;C:\Program Files\MySQL\MySQL Workbench 8.0 CE;C:\Program Files\Git\cmd;C:\Program Files (x86)\Microsoft SQL Server\100\Tools\Binn\;C:\Program Files\Microsoft SQL Server\100\Tools\Binn\;C:\Program Files\Microsoft SQL Server\100\DTS\Binn\;C:\Program Files\Microsoft SQL Server\110\Tools\Binn\;C:\Program Files\MySQL\MySQL Shell 8.0\bin\;C:\Users\admin\AppData\Local\Microsoft\WindowsApps;C:\Users\admin\.dotnet\tools;C:\Users\admin\AppData\Roaming\npm;C:\Users\admin\AppData\Local\Programs\Microsoft VS Code\bin;C:\Users\admin\AppData\Local\Google\Cloud SDK\google-cloud-sdk\bin;;E:\spring-tool-suite-4-4.8.0.RELEASE-e4.17.0-win32.win32.x86_64.self-extracting\sts-4.8.0.RELEASE;
USERNAME=admin
OS=Windows_NT
PROCESSOR_IDENTIFIER=Intel64 Family 6 Model 42 Stepping 7, GenuineIntel



---------------  S Y S T E M  ---------------

OS: Windows 10 , 64 bit Build 19041 (10.0.19041.928)
OS uptime: 0 days 13:27 hours

CPU:total 4 (initial active 4) (2 cores per cpu, 2 threads per core) family 6 model 42 stepping 7, cmov, cx8, fxsr, mmx, sse, sse2, sse3, ssse3, sse4.1, sse4.2, popcnt, avx, clmul, ht, tsc, tscinvbit

Memory: 4k page, system-wide physical 8076M (2766M free)
TotalPageFile size 15563M (AvailPageFile size 3313M)
current process WorkingSet (physical memory assigned to process): 250M, peak: 409M
current process commit charge ("private bytes"): 401M, peak: 436M

vm_info: OpenJDK 64-Bit Server VM (14.0.2+12-46) for windows-amd64 JRE (14.0.2+12-46), built on Jul  9 2020 00:31:16 by "mach5one" with MS VC++ 15.9 (VS2017)

END.
